2026-06-09 14:32:21,724  run started  device=cuda  config=Config(dataset='benjamin-paine/imagenet-1k-128x128', image_size=128, batch_size=256, epochs=1, warmup_steps=500, mixed_precision=True, learning_rate=0.0005, weight_decay=0.0, label_smoothing=0.0, grad_clip=1.0, num_workers=0, log_every=100, log_file='logs/vit_tiny_imagenet_128.log', seed=0, checkpoint='checkpoints/vit_tiny_imagenet_128.pt')
2026-06-09 14:32:30,038  HTTP Request: HEAD https://huggingface.co/datasets/benjamin-paine/imagenet-1k-128x128/resolve/main/README.md "HTTP/1.1 307 Temporary Redirect"
2026-06-09 14:32:30,086  HTTP Request: HEAD https://huggingface.co/api/resolve-cache/datasets/benjamin-paine/imagenet-1k-128x128/dd3adfd6ecfb3ef3ae26205733bf5d9d5410643b/README.md "HTTP/1.1 200 OK"
2026-06-09 14:32:30,182  HTTP Request: HEAD https://huggingface.co/datasets/benjamin-paine/imagenet-1k-128x128/resolve/dd3adfd6ecfb3ef3ae26205733bf5d9d5410643b/imagenet-1k-128x128.py "HTTP/1.1 404 Not Found"
2026-06-09 14:32:30,501  HTTP Request: HEAD https://s3.amazonaws.com/datasets.huggingface.co/datasets/datasets/benjamin-paine/imagenet-1k-128x128/benjamin-paine/imagenet-1k-128x128.py "HTTP/1.1 404 Not Found"
2026-06-09 14:32:30,693  HTTP Request: GET https://huggingface.co/api/datasets/benjamin-paine/imagenet-1k-128x128/revision/dd3adfd6ecfb3ef3ae26205733bf5d9d5410643b "HTTP/1.1 200 OK"
2026-06-09 14:32:30,800  HTTP Request: HEAD https://huggingface.co/datasets/benjamin-paine/imagenet-1k-128x128/resolve/dd3adfd6ecfb3ef3ae26205733bf5d9d5410643b/.huggingface.yaml "HTTP/1.1 404 Not Found"
2026-06-09 14:32:31,221  HTTP Request: GET https://datasets-server.huggingface.co/info?dataset=benjamin-paine/imagenet-1k-128x128 "HTTP/1.1 200 OK"
2026-06-09 14:32:31,321  HTTP Request: GET https://huggingface.co/api/datasets/benjamin-paine/imagenet-1k-128x128/tree/dd3adfd6ecfb3ef3ae26205733bf5d9d5410643b/data?recursive=true&expand=false "HTTP/1.1 200 OK"
2026-06-09 14:32:31,424  HTTP Request: GET https://huggingface.co/api/datasets/benjamin-paine/imagenet-1k-128x128/tree/dd3adfd6ecfb3ef3ae26205733bf5d9d5410643b?recursive=false&expand=false "HTTP/1.1 200 OK"
2026-06-09 14:32:31,555  HTTP Request: HEAD https://huggingface.co/datasets/benjamin-paine/imagenet-1k-128x128/resolve/dd3adfd6ecfb3ef3ae26205733bf5d9d5410643b/dataset_infos.json "HTTP/1.1 404 Not Found"
2026-06-09 14:32:35,634  data loaded  train=1281167  validation=50000  classes=1001
2026-06-09 14:32:47,070  model=ViT-Tiny/16  image_size=128  parameters=5692265
2026-06-09 14:32:48,219  mixed_precision=True
2026-06-09 14:34:01,723  train  epoch=1  step=100/5004  global_step=100  loss=7.010559  accuracy=0.001406  lr=0.0001  images_per_second=354.75
2026-06-09 14:35:11,512  train  epoch=1  step=200/5004  global_step=200  loss=6.928807  accuracy=0.002363  lr=0.0002  images_per_second=360.69
2026-06-09 14:35:33,932  run started  device=cuda  config=Config(dataset='benjamin-paine/imagenet-1k-128x128', image_size=128, batch_size=256, epochs=1, warmup_steps=500, mixed_precision=True, learning_rate=0.0005, weight_decay=0.0, label_smoothing=0.0, grad_clip=1.0, num_workers=0, log_every=100, log_file='logs/vit_tiny_imagenet_128.log', seed=0, checkpoint='checkpoints/vit_tiny_imagenet_128.pt')
2026-06-09 14:35:38,190  HTTP Request: HEAD https://huggingface.co/datasets/benjamin-paine/imagenet-1k-128x128/resolve/main/README.md "HTTP/1.1 307 Temporary Redirect"
2026-06-09 14:35:38,239  HTTP Request: HEAD https://huggingface.co/api/resolve-cache/datasets/benjamin-paine/imagenet-1k-128x128/dd3adfd6ecfb3ef3ae26205733bf5d9d5410643b/README.md "HTTP/1.1 200 OK"
2026-06-09 14:35:38,332  HTTP Request: HEAD https://huggingface.co/datasets/benjamin-paine/imagenet-1k-128x128/resolve/dd3adfd6ecfb3ef3ae26205733bf5d9d5410643b/imagenet-1k-128x128.py "HTTP/1.1 404 Not Found"
2026-06-09 14:35:38,675  HTTP Request: HEAD https://s3.amazonaws.com/datasets.huggingface.co/datasets/datasets/benjamin-paine/imagenet-1k-128x128/benjamin-paine/imagenet-1k-128x128.py "HTTP/1.1 404 Not Found"
2026-06-09 14:35:38,878  HTTP Request: GET https://huggingface.co/api/datasets/benjamin-paine/imagenet-1k-128x128/revision/dd3adfd6ecfb3ef3ae26205733bf5d9d5410643b "HTTP/1.1 200 OK"
2026-06-09 14:35:38,974  HTTP Request: HEAD https://huggingface.co/datasets/benjamin-paine/imagenet-1k-128x128/resolve/dd3adfd6ecfb3ef3ae26205733bf5d9d5410643b/.huggingface.yaml "HTTP/1.1 404 Not Found"
2026-06-09 14:35:39,423  HTTP Request: GET https://datasets-server.huggingface.co/info?dataset=benjamin-paine/imagenet-1k-128x128 "HTTP/1.1 200 OK"
2026-06-09 14:35:39,526  HTTP Request: GET https://huggingface.co/api/datasets/benjamin-paine/imagenet-1k-128x128/tree/dd3adfd6ecfb3ef3ae26205733bf5d9d5410643b/data?recursive=true&expand=false "HTTP/1.1 200 OK"
2026-06-09 14:35:39,628  HTTP Request: GET https://huggingface.co/api/datasets/benjamin-paine/imagenet-1k-128x128/tree/dd3adfd6ecfb3ef3ae26205733bf5d9d5410643b?recursive=false&expand=false "HTTP/1.1 200 OK"
2026-06-09 14:35:39,756  HTTP Request: HEAD https://huggingface.co/datasets/benjamin-paine/imagenet-1k-128x128/resolve/dd3adfd6ecfb3ef3ae26205733bf5d9d5410643b/dataset_infos.json "HTTP/1.1 404 Not Found"
2026-06-09 14:35:43,123  data loaded  train=1281167  validation=50000  classes=1001
2026-06-09 14:35:43,365  model=ViT-Tiny/16  image_size=128  parameters=5692265
2026-06-09 14:35:43,385  mixed_precision=True
2026-06-09 14:36:33,183  train  epoch=1  step=100/5004  global_step=100  loss=7.010559  accuracy=0.001406  lr=0.0001  images_per_second=514.22
2026-06-09 14:37:19,938  train  epoch=1  step=200/5004  global_step=200  loss=6.928806  accuracy=0.002363  lr=0.0002  images_per_second=530.35
2026-06-09 14:38:05,695  train  epoch=1  step=300/5004  global_step=300  loss=6.857775  accuracy=0.003568  lr=0.0003  images_per_second=539.72
2026-06-09 14:39:31,018  train  epoch=1  step=400/5004  global_step=400  loss=6.804383  accuracy=0.004346  lr=0.0004  images_per_second=449.89
2026-06-09 14:40:39,462  train  epoch=1  step=500/5004  global_step=500  loss=6.755318  accuracy=0.005313  lr=0.0005  images_per_second=432.34
2026-06-09 14:41:44,254  train  epoch=1  step=600/5004  global_step=600  loss=6.703995  accuracy=0.006523  lr=0.00049940419  images_per_second=425.65
